#
# A fatal error has been detected by the Java Runtime Environment:
#
#  EXCEPTION_ACCESS_VIOLATION (0xc0000005) at pc=0x000000006c2847e9, pid=6956, tid=6240
#
# JRE version: Java(TM) SE Runtime Environment (7.0_76-b13) (build 1.7.0_76-b13)
# Java VM: Java HotSpot(TM) 64-Bit Server VM (24.76-b04 mixed mode windows-amd64 compressed oops)
# Problematic frame:
# V  [jvm.dll+0x547e9]
#
# Failed to write core dump. Minidumps are not enabled by default on client versions of Windows
#
# If you would like to submit a bug report, please visit:
#   http://bugreport.java.com/bugreport/crash.jsp
#

---------------  T H R E A D  ---------------

Current thread (0x00000000080db000):  JavaThread "JDWP Transport Listener: dt_socket" daemon [_thread_in_vm, id=6240, stack(0x0000000009660000,0x0000000009760000)]

siginfo: ExceptionCode=0xc0000005, reading address 0x000000000000000c

Registers:
RAX=0x000000000000000c, RBX=0x00000000080db000, RCX=0x0000000000000000, RDX=0x0000000000000000
RSP=0x000000000975f3b0, RBP=0x000000000000000c, RSI=0x0000000000000000, RDI=0x0000000000000010
R8 =0x00000000eb5143b8, R9 =0x0000000000000000, R10=0x0000000000000000, R11=0x0000000000000001
R12=0x0000000000000000, R13=0x00000000080d3298, R14=0x0000000000000000, R15=0x0000000000000000
RIP=0x000000006c2847e9, EFLAGS=0x0000000000010246

Top of Stack: (sp=0x000000000975f3b0)
0x000000000975f3b0:   00000000080db000 0000000000000000
0x000000000975f3c0:   0000000000000000 00000000080db000
0x000000000975f3d0:   0000000000000000 000000006c34d9f7
0x000000000975f3e0:   00000000eb5143b8 000000000975f500
0x000000000975f3f0:   00000000080aa030 000000000975f4d0
0x000000000975f400:   00000000080db000 0000000000000000
0x000000000975f410:   00000000080aa030 000000000975f500
0x000000000975f420:   0000000000000000 00000000080d3298
0x000000000975f430:   0000000000000000 000000006c1b7d15
0x000000000975f440:   000000000975f4d0 000000000975f500
0x000000000975f450:   00000000080aa030 00000000080db1e8
0x000000000975f460:   000000000812680a 000000006c1bf090
0x000000000975f470:   0000000008010a01 000000000975f570
0x000000000975f480:   00000000080d2e01 0000000008094780
0x000000000975f490:   0000099000000013 0000000008010a00
0x000000000975f4a0:   0000000008100080 000000006c4013dd 

Instructions: (pc=0x000000006c2847e9)
0x000000006c2847c9:   d2 48 8b c5 eb 18 48 8b d0 48 8b c5 48 d3 e2 48
0x000000006c2847d9:   03 15 d1 30 6a 00 eb 06 48 8b 12 48 8b c7 48 98
0x000000006c2847e9:   8b 14 10 85 d2 74 2a 45 84 db 4c 63 c6 48 0f 45
0x000000006c2847f9:   fd 8d 47 0b 48 63 c8 48 83 e1 f8 48 c1 e9 03 8d 


Register to memory mapping:

RAX=0x000000000000000c is an unknown value
RBX=0x00000000080db000 is a thread
RCX=0x0000000000000000 is an unknown value
RDX=0x0000000000000000 is an unknown value
RSP=0x000000000975f3b0 is pointing into the stack for thread: 0x00000000080db000
RBP=0x000000000000000c is an unknown value
RSI=0x0000000000000000 is an unknown value
RDI=0x0000000000000010 is an unknown value
R8 =0x00000000eb5143b8 is an oop
java.lang.String 
 - klass: 'java/lang/String'
R9 =0x0000000000000000 is an unknown value
R10=0x0000000000000000 is an unknown value
R11=0x0000000000000001 is an unknown value
R12=0x0000000000000000 is an unknown value
R13=0x00000000080d3298 is an unknown value
R14=0x0000000000000000 is an unknown value
R15=0x0000000000000000 is an unknown value


Stack: [0x0000000009660000,0x0000000009760000],  sp=0x000000000975f3b0,  free space=1020k
Native frames: (J=compiled Java code, j=interpreted, Vv=VM code, C=native code)
V  [jvm.dll+0x547e9]


---------------  P R O C E S S  ---------------

Java Threads: ( => current thread )
  0x000000000810e000 JavaThread "Service Thread" daemon [_thread_blocked, id=5156, stack(0x0000000009ef0000,0x0000000009ff0000)]
  0x0000000008101000 JavaThread "C2 CompilerThread1" daemon [_thread_blocked, id=8832, stack(0x0000000009df0000,0x0000000009ef0000)]
  0x0000000008100800 JavaThread "C2 CompilerThread0" daemon [_thread_blocked, id=648, stack(0x0000000009cf0000,0x0000000009df0000)]
  0x00000000080eb800 JavaThread "JDWP Command Reader" daemon [_thread_in_native, id=2912, stack(0x0000000009bf0000,0x0000000009cf0000)]
  0x00000000080e8800 JavaThread "JDWP Event Helper Thread" daemon [_thread_blocked, id=8280, stack(0x0000000009af0000,0x0000000009bf0000)]
=>0x00000000080db000 JavaThread "JDWP Transport Listener: dt_socket" daemon [_thread_in_vm, id=6240, stack(0x0000000009660000,0x0000000009760000)]
  0x00000000080d5000 JavaThread "Attach Listener" daemon [_thread_blocked, id=6984, stack(0x0000000009560000,0x0000000009660000)]
  0x00000000080d2000 JavaThread "Signal Dispatcher" daemon [_thread_blocked, id=7496, stack(0x0000000009460000,0x0000000009560000)]
  0x00000000080a1000 JavaThread "Finalizer" daemon [_thread_blocked, id=7640, stack(0x0000000009360000,0x0000000009460000)]
  0x0000000008098000 JavaThread "Reference Handler" daemon [_thread_blocked, id=8556, stack(0x0000000009260000,0x0000000009360000)]
  0x000000000230e000 JavaThread "main" [_thread_blocked, id=1664, stack(0x0000000002140000,0x0000000002240000)]

Other Threads:
  0x0000000008093800 VMThread [stack: 0x0000000009160000,0x0000000009260000] [id=2660]
  0x0000000008116800 WatcherThread [stack: 0x0000000009ff0000,0x000000000a0f0000] [id=6652]

VM state:not at safepoint (normal execution)

VM Mutex/Monitor currently owned by a thread: None

Heap
 PSYoungGen      total 18944K, used 1311K [0x00000000eb400000, 0x00000000ec900000, 0x0000000100000000)
  eden space 16384K, 8% used [0x00000000eb400000,0x00000000eb547c48,0x00000000ec400000)
  from space 2560K, 0% used [0x00000000ec680000,0x00000000ec680000,0x00000000ec900000)
  to   space 2560K, 0% used [0x00000000ec400000,0x00000000ec400000,0x00000000ec680000)
 ParOldGen       total 42496K, used 0K [0x00000000c1c00000, 0x00000000c4580000, 0x00000000eb400000)
  object space 42496K, 0% used [0x00000000c1c00000,0x00000000c1c00000,0x00000000c4580000)
 PSPermGen       total 21504K, used 2523K [0x00000000bca00000, 0x00000000bdf00000, 0x00000000c1c00000)
  object space 21504K, 11% used [0x00000000bca00000,0x00000000bcc76e98,0x00000000bdf00000)

Card table byte_map: [0x0000000005410000,0x0000000005630000] byte_map_base: 0x0000000004e2b000

Polling page: 0x0000000001f50000

Code Cache  [0x0000000002410000, 0x0000000002680000, 0x0000000005410000)
 total_blobs=158 nmethods=0 adapters=134 free_code_cache=48776Kb largest_free_block=49946816

Compilation events (0 events):
No events

GC Heap History (0 events):
No events

Deoptimization events (0 events):
No events

Internal exceptions (7 events):
Event: 0.116 Thread 0x000000000230e000 Threw 0x00000000eb40a090 at C:\re\jdk7u76\1941\hotspot\src\share\vm\prims\jni.cpp:3991
Event: 0.682 Thread 0x000000000230e000 Threw 0x00000000eb44e358 at C:\re\jdk7u76\1941\hotspot\src\share\vm\prims\jvm.cpp:1304
Event: 0.702 Thread 0x000000000230e000 Threw 0x00000000eb4f83c8 at C:\re\jdk7u76\1941\hotspot\src\share\vm\prims\jvm.cpp:1304
Event: 0.705 Thread 0x000000000230e000 Threw 0x00000000eb4fb8d0 at C:\re\jdk7u76\1941\hotspot\src\share\vm\prims\jvm.cpp:1304
Event: 0.707 Thread 0x000000000230e000 Threw 0x00000000eb4fd900 at C:\re\jdk7u76\1941\hotspot\src\share\vm\prims\jvm.cpp:1304
Event: 0.709 Thread 0x000000000230e000 Threw 0x00000000eb4ff988 at C:\re\jdk7u76\1941\hotspot\src\share\vm\prims\jvm.cpp:1304
Event: 0.750 Thread 0x000000000230e000 Threw 0x00000000eb501cb8 at C:\re\jdk7u76\1941\hotspot\src\share\vm\prims\jvm.cpp:1304

Events (10 events):
Event: 380.111 Executing VM operation: GetCurrentLocation
Event: 380.111 Executing VM operation: GetCurrentLocation done
Event: 380.111 Executing VM operation: ChangeSingleStep
Event: 380.111 Executing VM operation: ChangeSingleStep done
Event: 380.113 Executing VM operation: ChangeSingleStep
Event: 380.113 Executing VM operation: ChangeSingleStep done
Event: 380.186 Executing VM operation: GetOrSetLocal
Event: 380.186 Executing VM operation: GetOrSetLocal done
Event: 380.204 Executing VM operation: GetOrSetLocal
Event: 380.205 Executing VM operation: GetOrSetLocal done


Dynamic libraries:
0x00007ff635cf0000 - 0x00007ff635d23000 	C:\Program Files\Java\jdk1.7.0_76\bin\javaw.exe
0x00007ffb384c0000 - 0x00007ffb38685000 	C:\WINDOWS\SYSTEM32\ntdll.dll
0x00007ffb35f80000 - 0x00007ffb3602e000 	C:\WINDOWS\system32\KERNEL32.DLL
0x00007ffb359b0000 - 0x00007ffb35b8b000 	C:\WINDOWS\system32\KERNELBASE.dll
0x00007ffb38120000 - 0x00007ffb381c6000 	C:\WINDOWS\system32\ADVAPI32.dll
0x00007ffb382a0000 - 0x00007ffb3833d000 	C:\WINDOWS\system32\msvcrt.dll
0x00007ffb36890000 - 0x00007ffb368e9000 	C:\WINDOWS\system32\sechost.dll
0x00007ffb36760000 - 0x00007ffb36882000 	C:\WINDOWS\system32\RPCRT4.dll
0x00007ffb38340000 - 0x00007ffb384ac000 	C:\WINDOWS\system32\USER32.dll
0x00007ffb36030000 - 0x00007ffb361b1000 	C:\WINDOWS\system32\GDI32.dll
0x00007ffb2f920000 - 0x00007ffb2fb8f000 	C:\WINDOWS\WinSxS\amd64_microsoft.windows.common-controls_6595b64144ccf1df_6.0.10041.0_none_8290572e5fa31d2e\COMCTL32.dll
0x00007ffb37fd0000 - 0x00007ffb38005000 	C:\WINDOWS\system32\IMM32.DLL
0x00007ffb36370000 - 0x00007ffb364c8000 	C:\WINDOWS\system32\MSCTF.dll
0x00007ffb364d0000 - 0x00007ffb3658e000 	C:\WINDOWS\system32\OLEAUT32.dll
0x00007ffb368f0000 - 0x00007ffb36b47000 	C:\WINDOWS\system32\combase.dll
0x000000006ca10000 - 0x000000006cae2000 	C:\Program Files\Java\jdk1.7.0_76\jre\bin\msvcr100.dll
0x000000006c230000 - 0x000000006ca05000 	C:\Program Files\Java\jdk1.7.0_76\jre\bin\server\jvm.dll
0x00007ffb384b0000 - 0x00007ffb384b7000 	C:\WINDOWS\system32\PSAPI.DLL
0x00007ffb21560000 - 0x00007ffb21569000 	C:\WINDOWS\SYSTEM32\WSOCK32.dll
0x00007ffb36b50000 - 0x00007ffb36baa000 	C:\WINDOWS\system32\WS2_32.dll
0x00007ffb35ee0000 - 0x00007ffb35ee8000 	C:\WINDOWS\system32\NSI.dll
0x00007ffb21cf0000 - 0x00007ffb21d12000 	C:\WINDOWS\SYSTEM32\WINMM.dll
0x00007ffb21cc0000 - 0x00007ffb21ceb000 	C:\WINDOWS\SYSTEM32\WINMMBASE.dll
0x00007ffb35230000 - 0x00007ffb35274000 	C:\WINDOWS\system32\cfgmgr32.dll
0x00007ffb33a90000 - 0x00007ffb33ab6000 	C:\WINDOWS\SYSTEM32\DEVOBJ.dll
0x000000006c220000 - 0x000000006c22f000 	C:\Program Files\Java\jdk1.7.0_76\jre\bin\verify.dll
0x000000006c1f0000 - 0x000000006c218000 	C:\Program Files\Java\jdk1.7.0_76\jre\bin\java.dll
0x000000006c1b0000 - 0x000000006c1e5000 	C:\Program Files\Java\jdk1.7.0_76\jre\bin\jdwp.dll
0x000000006c1a0000 - 0x000000006c1a8000 	C:\Program Files\Java\jdk1.7.0_76\jre\bin\npt.dll
0x000000006c180000 - 0x000000006c195000 	C:\Program Files\Java\jdk1.7.0_76\jre\bin\zip.dll
0x000000006c170000 - 0x000000006c179000 	C:\Program Files\Java\jdk1.7.0_76\jre\bin\dt_socket.dll
0x00007ffb25430000 - 0x00007ffb25445000 	C:\WINDOWS\system32\napinsp.dll
0x00007ffb25450000 - 0x00007ffb2546a000 	C:\WINDOWS\system32\pnrpnsp.dll
0x00007ffb33170000 - 0x00007ffb33188000 	C:\WINDOWS\system32\NLAapi.dll
0x00007ffb34a10000 - 0x00007ffb34a68000 	C:\WINDOWS\System32\mswsock.dll
0x00007ffb34820000 - 0x00007ffb348c2000 	C:\WINDOWS\SYSTEM32\DNSAPI.dll
0x00007ffb254b0000 - 0x00007ffb254bd000 	C:\WINDOWS\System32\winrnr.dll
0x000000006d5d0000 - 0x000000006d605000 	C:\Program Files\Bonjour\mdnsNSP.dll
0x00007ffb31a90000 - 0x00007ffb31ac7000 	C:\WINDOWS\SYSTEM32\Iphlpapi.DLL
0x00007ffb31a80000 - 0x00007ffb31a8b000 	C:\WINDOWS\SYSTEM32\WINNSI.DLL
0x00007ffb25470000 - 0x00007ffb25485000 	C:\WINDOWS\system32\wshbth.dll
0x00007ffb318c0000 - 0x00007ffb31927000 	C:\WINDOWS\System32\fwpuclnt.dll
0x00007ffb34cd0000 - 0x00007ffb34cf8000 	C:\WINDOWS\SYSTEM32\bcrypt.dll
0x00007ffb2f910000 - 0x00007ffb2f91a000 	C:\Windows\System32\rasadhlp.dll
0x00007ffb30710000 - 0x00007ffb30893000 	C:\WINDOWS\SYSTEM32\dbghelp.dll

VM Arguments:
jvm_args: -agentlib:jdwp=transport=dt_socket,suspend=y,address=localhost:55478 -Dfile.encoding=Cp1252 
java_command: cp125.chat.Main
Launcher Type: SUN_STANDARD

Environment Variables:
JAVA_HOME=C:\Program Files\Java\jdk1.7.0_76
PATH=C:\Program Files\Java\jdk1.7.0_76\jre\bin;C:/Program Files/Java/jre1.8.0_31/bin/server;C:/Program Files/Java/jre1.8.0_31/bin;C:/Program Files/Java/jre1.8.0_31/lib/amd64;C:\ProgramData\Oracle\Java\javapath;C:\WINDOWS\system32;C:\WINDOWS;C:\WINDOWS\System32\Wbem;C:\WINDOWS\System32\WindowsPowerShell\v1.0\;C:\Program Files\Java\jdk1.7.0_76\bin;C:\Program Files (x86)\QuickTime\QTSystem\;C:\Program Files\apache-maven-3.3.1\bin;C:\eclipse;
USERNAME=Chris
OS=Windows_NT
PROCESSOR_IDENTIFIER=Intel64 Family 6 Model 58 Stepping 9, GenuineIntel



---------------  S Y S T E M  ---------------

OS: Windows 8.1 , 64 bit Build 9600 

CPU:total 4 (2 cores per cpu, 2 threads per core) family 6 model 58 stepping 9, cmov, cx8, fxsr, mmx, sse, sse2, sse3, ssse3, sse4.1, sse4.2, popcnt, avx, aes, erms, ht, tsc, tscinvbit, tscinv

Memory: 4k page, physical 4075224k(1121872k free), swap 5058264k(1500436k free)

vm_info: Java HotSpot(TM) 64-Bit Server VM (24.76-b04) for windows-amd64 JRE (1.7.0_76-b13), built on Dec 18 2014 16:31:25 by "java_re" with unknown MS VC++:1600

time: Sun Apr 26 21:31:25 2015
elapsed time: 381 seconds

